<?xml version="1.0" encoding="UTF-8"?>
<!-- Generated by org.testng.reporters.JUnitXMLReporter -->
<testsuite ignored="0" hostname="LAPTOP-9SRLIHID" failures="2" tests="5" name="Test" time="11.08" errors="0" timestamp="2025-04-19T18:54:04 IST">
  <testcase classname="com.Thinksys.restfulbooker.HealthCheckTest" name="healthCheckTest" time="2.923"/>
  <testcase classname="com.Thinksys.restfulbooker.GetBookingsTest" name="getAllBookingIds" time="2.084"/>
  <testcase classname="com.Thinksys.restfulbooker.GetBookingsByIdTest" name="getBookingsById" time="1.507">
    <failure type="java.lang.AssertionError" message="The following asserts failed:
	Firstname does not match expected [Poonam] but found [John],
	Lastname does not match expected [Brown] but found [Smith],
	Checkin does not match expected [2018-09-16] but found [2018-01-01]">
      <![CDATA[java.lang.AssertionError: The following asserts failed:
Firstname does not match expected [Poonam] but found [John],
Lastname does not match expected [Brown] but found [Smith],
Checkin does not match expected [2018-09-16] but found [2018-01-01]
at com.Thinksys.restfulbooker.GetBookingsByIdTest.getBookingsById(GetBookingsByIdTest.java:59)
at java.base/java.util.ArrayList.forEach(ArrayList.java:1511)
... Removed 29 stack frames]]>
    </failure>
  </testcase> <!-- getBookingsById -->
  <testcase classname="com.Thinksys.restfulbooker.UpdateBookingTest" name="updateBookingTest" time="2.991">
    <failure type="java.lang.AssertionError" message="Status code is not 200 expected [200] but found [403]">
      <![CDATA[java.lang.AssertionError: Status code is not 200 expected [200] but found [403]
at com.Thinksys.restfulbooker.UpdateBookingTest.updateBookingTest(UpdateBookingTest.java:55)
at java.base/java.util.ArrayList.forEach(ArrayList.java:1511)
... Removed 33 stack frames]]>
    </failure>
  </testcase> <!-- updateBookingTest -->
  <testcase classname="com.Thinksys.restfulbooker.CreateBookingsTest" name="createBookingTest" time="1.511"/>
</testsuite> <!-- Test -->
